Arguments: 
  C:\Users\qqdux\WebstormProjects\frontend-nanodegree-mobile-portfolio\node_modules\node\bin\node.exe C:\Program Files (x86)\Yarn\bin\yarn.js install

PATH: 
  C:\Users\qqdux\WebstormProjects\frontend-nanodegree-mobile-portfolio\node_modules\.bin;C:\Users\qqdux\WebstormProjects\node_modules\.bin;C:\Users\qqdux\node_modules\.bin;C:\Users\node_modules\.bin;C:\node_modules\.bin;C:\Program Files\nodejs\node_modules\npm\node_modules\@npmcli\run-script\lib\node-gyp-bin;C:\Program Files (x86)\VMware\VMware Workstation\bin\;C:\Python39\Scripts\;C:\Python39\;C:\WINDOWS\system32;C:\WINDOWS;C:\WINDOWS\System32\Wbem;C:\WINDOWS\System32\WindowsPowerShell\v1.0\;C:\WINDOWS\System32\OpenSSH\;C:\Program Files\RedHat\java-1.8.0-openjdk-1.8.0.302-1\bin;C:\Program Files\RedHat\java-1.8.0-openjdk-1.8.0.302-1\jre\bin;C:\Program Files\Git\cmd;C:\Program Files\nodejs\;C:\Program Files (x86)\Yarn\bin\;C:\ProgramData\chocolatey\bin;C:\Program Files\MySQL\MySQL Shell 8.0\bin\;C:\Users\qqdux\AppData\Local\Programs\Python\Python38\Scripts\;C:\Users\qqdux\AppData\Local\Programs\Python\Python38\;C:\Users\qqdux\AppData\Local\Microsoft\WindowsApps;C:\Users\qqdux\AppData\Roaming\npm;C:\Users\qqdux\AppData\Local\Yarn\bin

Yarn version: 
  1.22.5

Node version: 
  16.6.1

Platform: 
  win32 x64

Trace: 
  Error: EPERM: operation not permitted, unlink 'C:\Users\qqdux\WebstormProjects\frontend-nanodegree-mobile-portfolio\node_modules\node\bin\node.exe'

npm manifest: 
  {
    "name": "frontend-nanodegree-mobile-portfolio",
    "version": "1.0.0",
    "main": "index.js",
    "scripts": {
      "test": "echo \"Error: no test specified\" && exit 1",
      "start": "python -m http.server 8080",
      "yarn-update": "yarn install",
      "git-commit-push": "node git-push/script.js"
    },
    "keywords": [],
    "author": "",
    "license": "ISC",
    "devDependencies": {
    }
  }

yarn manifest: 
  No manifest

Lockfile: 
  # THIS IS AN AUTOGENERATED FILE. DO NOT EDIT THIS FILE DIRECTLY.
  # yarn lockfile v1
  
  
  "node-bin-setup@^1.0.0":
    "integrity" "sha512-uPIxXNis1CRbv1DwqAxkgBk5NFV3s7cMN/Gf556jSw6jBvV7ca4F9lRL/8cALcZecRibeqU+5dFYqFFmzv5a0Q=="
    "resolved" "https://registry.npmjs.org/node-bin-setup/-/node-bin-setup-1.0.6.tgz"
    "version" "1.0.6"
  
  "node@latest":
    "integrity" "sha512-qlIQ5vkAAMP+T1bYivwngIqZlUzerPSeaeAQVUvyQ2XZ8WN86ZUdzcpkW/iuEnP9paNcpAsA4p9yCsfrdjG7YQ=="
    "resolved" "https://registry.npmjs.org/node/-/node-16.6.1.tgz"
    "version" "16.6.1"
    dependencies:
      "node-bin-setup" "^1.0.0"
